<?xml version="1.0" encoding="UTF-8"?>
<testsuite name="com.lunarlog.logic.CyclePredictionUtilsTest" tests="4" skipped="0" failures="0" errors="0" timestamp="2025-11-21T01:25:09" hostname="devbox" time="0.058">
  <properties/>
  <testcase name="predictFertileWindow_calculatesCorrectWindow" classname="com.lunarlog.logic.CyclePredictionUtilsTest" time="0.008"/>
  <testcase name="calculateAverageCycleLength_calculatesCorrectly" classname="com.lunarlog.logic.CyclePredictionUtilsTest" time="0.048"/>
  <testcase name="calculateAverageCycleLength_returnsDefault_whenNotEnoughData" classname="com.lunarlog.logic.CyclePredictionUtilsTest" time="0.0"/>
  <testcase name="predictNextPeriod_addsAverageLength" classname="com.lunarlog.logic.CyclePredictionUtilsTest" time="0.0"/>
  <system-out><![CDATA[]]></system-out>
  <system-err><![CDATA[]]></system-err>
</testsuite>
